<?xml version="1.0" encoding="UTF-8"?>
<!-- Generated by org.testng.reporters.JUnitReportReporter -->
<testsuite skipped="0" hostname="DESKTOP-AB9JGRN" name="samplegittest.SampleGitTest" tests="1" failures="0" timestamp="16 Jun 2018 05:22:23 GMT" time="9.008" errors="0">
  <testcase name="logintest" time="9.008" classname="samplegittest.SampleGitTest"/>
</testsuite> <!-- samplegittest.SampleGitTest -->
