<?xml version="1.0" encoding="UTF-8"?>
<!-- Generated by org.testng.reporters.JUnitReportReporter -->
<testsuite name="samplegittest.SampleGitTest" tests="1" time="8.693" ignored="0" failures="0" timestamp="23 Jun 2018 06:06:26 GMT" skipped="0" hostname="DESKTOP-AB9JGRN" errors="0">
  <testcase name="logintest" time="8.693" classname="samplegittest.SampleGitTest"/>
</testsuite> <!-- samplegittest.SampleGitTest -->
